  snake.cpp
c:\users\j\source\repos\snake\snake\snake.cpp(28): warning C4305: 'initializing': truncation from 'double' to 'float'
c:\users\j\source\repos\snake\snake\snake.cpp(68): warning C4305: '-=': truncation from 'double' to 'float'
c:\users\j\source\repos\snake\snake\snake.cpp(86): warning C4244: '=': conversion from 'double' to 'float', possible loss of data
c:\users\j\source\repos\snake\snake\snake.cpp(94): warning C4244: 'argument': conversion from 'time_t' to 'unsigned int', possible loss of data
c:\users\j\source\repos\snake\snake\snake.cpp(114): warning C4305: '=': truncation from 'double' to 'float'
c:\users\j\source\repos\snake\snake\snake.cpp(115): warning C4305: '=': truncation from 'double' to 'float'
c:\users\j\source\repos\snake\snake\snake.cpp(161): warning C4244: '=': conversion from 'double' to 'float', possible loss of data
c:\users\j\source\repos\snake\snake\snake.cpp(178): warning C4244: '=': conversion from 'double' to 'float', possible loss of data
c:\users\j\source\repos\snake\snake\snake.cpp(190): warning C4244: 'argument': conversion from 'int' to 'float', possible loss of data
c:\users\j\source\repos\snake\snake\snake.cpp(197): warning C4244: 'argument': conversion from 'int' to 'float', possible loss of data
c:\users\j\source\repos\snake\snake\snake.cpp(203): warning C4244: 'argument': conversion from 'int' to 'float', possible loss of data
c:\users\j\source\repos\snake\snake\snake.cpp(207): warning C4244: 'argument': conversion from 'int' to 'float', possible loss of data
     Creating library C:\Users\J\source\repos\snake\Release\snake.lib and object C:\Users\J\source\repos\snake\Release\snake.exp
  Generating code
  2 of 91 functions ( 2.2%) were compiled, the rest were copied from previous compilation.
    0 functions were new in current compilation
    0 functions had inline decision re-evaluated but remain unchanged
  Finished generating code
  snake.vcxproj -> C:\Users\J\source\repos\snake\Release\snake.exe
